2018-05-03 13:53:13 [main] Starting RaiseApplicationTests on zhangkundeMacBook-Pro.local with PID 13201 (started by zk in /Users/zk/IdeaProjects/raise)
2018-05-03 13:53:13 [main] The following profiles are active: dev
2018-05-03 13:53:13 [main] Refreshing org.springframework.web.context.support.GenericWebApplicationContext@5910de75: startup date [Thu May 03 13:53:13 CST 2018]; root of context hierarchy
2018-05-03 13:53:14 [main] Multiple Spring Data modules found, entering strict repository configuration mode!
2018-05-03 13:53:15 [main] JSR-330 'javax.inject.Inject' annotation found and supported for autowiring
2018-05-03 13:53:16 [main] Bean 'org.springframework.transaction.annotation.ProxyTransactionManagementConfiguration' of type [org.springframework.transaction.annotation.ProxyTransactionManagementConfiguration$$EnhancerBySpringCGLIB$$fe22da5] is not eligible for getting processed by all BeanPostProcessors (for example: not eligible for auto-proxying)
2018-05-03 13:53:16 [main] Bean 'redisConfig' of type [com.black.kun.raise.config.RedisConfig$$EnhancerBySpringCGLIB$$f54619c3] is not eligible for getting processed by all BeanPostProcessors (for example: not eligible for auto-proxying)
2018-05-03 13:53:16 [main] Bean 'org.springframework.cache.annotation.ProxyCachingConfiguration' of type [org.springframework.cache.annotation.ProxyCachingConfiguration$$EnhancerBySpringCGLIB$$58f463c3] is not eligible for getting processed by all BeanPostProcessors (for example: not eligible for auto-proxying)
2018-05-03 13:53:16 [main] Bean 'org.springframework.boot.autoconfigure.cache.CacheAutoConfiguration' of type [org.springframework.boot.autoconfigure.cache.CacheAutoConfiguration$$EnhancerBySpringCGLIB$$4d682867] is not eligible for getting processed by all BeanPostProcessors (for example: not eligible for auto-proxying)
2018-05-03 13:53:16 [main] Bean 'org.springframework.boot.context.properties.ConversionServiceDeducer$Factory' of type [org.springframework.boot.context.properties.ConversionServiceDeducer$Factory] is not eligible for getting processed by all BeanPostProcessors (for example: not eligible for auto-proxying)
2018-05-03 13:53:16 [main] Bean 'spring.cache-org.springframework.boot.autoconfigure.cache.CacheProperties' of type [org.springframework.boot.autoconfigure.cache.CacheProperties] is not eligible for getting processed by all BeanPostProcessors (for example: not eligible for auto-proxying)
2018-05-03 13:53:16 [main] Bean 'cacheManagerCustomizers' of type [org.springframework.boot.autoconfigure.cache.CacheManagerCustomizers] is not eligible for getting processed by all BeanPostProcessors (for example: not eligible for auto-proxying)
2018-05-03 13:53:16 [main] Bean 'org.springframework.boot.autoconfigure.cache.RedisCacheConfiguration' of type [org.springframework.boot.autoconfigure.cache.RedisCacheConfiguration$$EnhancerBySpringCGLIB$$fdf9c4c1] is not eligible for getting processed by all BeanPostProcessors (for example: not eligible for auto-proxying)
2018-05-03 13:53:16 [main] Bean 'spring.redis-org.springframework.boot.autoconfigure.data.redis.RedisProperties' of type [org.springframework.boot.autoconfigure.data.redis.RedisProperties] is not eligible for getting processed by all BeanPostProcessors (for example: not eligible for auto-proxying)
2018-05-03 13:53:16 [main] Bean 'org.springframework.boot.autoconfigure.data.redis.LettuceConnectionConfiguration' of type [org.springframework.boot.autoconfigure.data.redis.LettuceConnectionConfiguration$$EnhancerBySpringCGLIB$$24fbebef] is not eligible for getting processed by all BeanPostProcessors (for example: not eligible for auto-proxying)
2018-05-03 13:53:16 [main] Bean 'lettuceClientResources' of type [io.lettuce.core.resource.DefaultClientResources] is not eligible for getting processed by all BeanPostProcessors (for example: not eligible for auto-proxying)
2018-05-03 13:53:16 [main] Bean 'redisConnectionFactory' of type [org.springframework.data.redis.connection.lettuce.LettuceConnectionFactory] is not eligible for getting processed by all BeanPostProcessors (for example: not eligible for auto-proxying)
2018-05-03 13:53:17 [main] Bean 'cacheManager' of type [org.springframework.data.redis.cache.RedisCacheManager] is not eligible for getting processed by all BeanPostProcessors (for example: not eligible for auto-proxying)
2018-05-03 13:53:17 [main] Bean 'cacheAutoConfigurationValidator' of type [org.springframework.boot.autoconfigure.cache.CacheAutoConfiguration$CacheManagerValidator] is not eligible for getting processed by all BeanPostProcessors (for example: not eligible for auto-proxying)
2018-05-03 13:53:17 [main] HikariPool-1 - Starting...
2018-05-03 13:53:19 [main] HikariPool-1 - Start completed.
2018-05-03 13:53:22 [main] Mapped "{[/test/testEnv],methods=[POST]}" onto public com.black.kun.raise.entity.vo.BaseResponse com.black.kun.raise.controller.demo.TestController.testEnv()
2018-05-03 13:53:22 [main] Mapped "{[/test/testValidation],methods=[POST]}" onto public com.black.kun.raise.entity.vo.BaseResponse com.black.kun.raise.controller.demo.TestController.testValidation(com.black.kun.raise.entity.vo.TestVo,org.springframework.validation.BindingResult)
2018-05-03 13:53:22 [main] Mapped "{[/v2/api-docs],methods=[GET],produces=[application/json || application/hal+json]}" onto public org.springframework.http.ResponseEntity<springfox.documentation.spring.web.json.Json> springfox.documentation.swagger2.web.Swagger2Controller.getDocumentation(java.lang.String,javax.servlet.http.HttpServletRequest)
2018-05-03 13:53:22 [main] Mapped "{[/swagger-resources]}" onto org.springframework.http.ResponseEntity<java.util.List<springfox.documentation.swagger.web.SwaggerResource>> springfox.documentation.swagger.web.ApiResourceController.swaggerResources()
2018-05-03 13:53:22 [main] Mapped "{[/swagger-resources/configuration/security]}" onto org.springframework.http.ResponseEntity<springfox.documentation.swagger.web.SecurityConfiguration> springfox.documentation.swagger.web.ApiResourceController.securityConfiguration()
2018-05-03 13:53:22 [main] Mapped "{[/swagger-resources/configuration/ui]}" onto org.springframework.http.ResponseEntity<springfox.documentation.swagger.web.UiConfiguration> springfox.documentation.swagger.web.ApiResourceController.uiConfiguration()
2018-05-03 13:53:22 [main] Mapped "{[/error]}" onto public org.springframework.http.ResponseEntity<java.util.Map<java.lang.String, java.lang.Object>> org.springframework.boot.autoconfigure.web.servlet.error.BasicErrorController.error(javax.servlet.http.HttpServletRequest)
2018-05-03 13:53:22 [main] Mapped "{[/error],produces=[text/html]}" onto public org.springframework.web.servlet.ModelAndView org.springframework.boot.autoconfigure.web.servlet.error.BasicErrorController.errorHtml(javax.servlet.http.HttpServletRequest,javax.servlet.http.HttpServletResponse)
2018-05-03 13:53:24 [main] Looking for @ControllerAdvice: org.springframework.web.context.support.GenericWebApplicationContext@5910de75: startup date [Thu May 03 13:53:13 CST 2018]; root of context hierarchy
2018-05-03 13:53:24 [main] Mapped URL path [/webjars/**] onto handler of type [class org.springframework.web.servlet.resource.ResourceHttpRequestHandler]
2018-05-03 13:53:24 [main] Mapped URL path [/**] onto handler of type [class org.springframework.web.servlet.resource.ResourceHttpRequestHandler]
2018-05-03 13:53:24 [main] Mapped URL path [/**/favicon.ico] onto handler of type [class org.springframework.web.servlet.resource.ResourceHttpRequestHandler]
2018-05-03 13:53:25 [main] SpringTemplateLoader for FreeMarker: using resource loader [org.springframework.web.context.support.GenericWebApplicationContext@5910de75: startup date [Thu May 03 13:53:13 CST 2018]; root of context hierarchy] and template loader path [classpath:/templates/]
2018-05-03 13:53:25 [main] ClassTemplateLoader for Spring macros added to FreeMarker configuration
2018-05-03 13:53:25 [main] Starting beans in phase 2147483647
2018-05-03 13:53:25 [main] Context refreshed
2018-05-03 13:53:26 [main] Found 1 custom documentation plugin(s)
2018-05-03 13:53:26 [main] Scanning for api listing references
2018-05-03 13:53:26 [main] Started RaiseApplicationTests in 14.82 seconds (JVM running for 20.265)
2018-05-03 13:53:26 [Thread-2] Closing org.springframework.web.context.support.GenericWebApplicationContext@5910de75: startup date [Thu May 03 13:53:13 CST 2018]; root of context hierarchy
2018-05-03 13:53:26 [Thread-2] Stopping beans in phase 2147483647
2018-05-03 13:53:26 [Thread-2] HikariPool-1 - Shutdown initiated...
2018-05-03 13:53:26 [Thread-2] HikariPool-1 - Shutdown completed.
