2018-04-27 19:21:05 [main] Starting RaiseApplicationTests on zhangkundeMacBook-Pro.local with PID 8645 (started by zk in /Users/zk/IdeaProjects/raise)
2018-04-27 19:21:05 [main] The following profiles are active: dev
2018-04-27 19:21:05 [main] Refreshing org.springframework.web.context.support.GenericWebApplicationContext@9573b3b: startup date [Fri Apr 27 19:21:05 CST 2018]; root of context hierarchy
2018-04-27 19:21:06 [main] Multiple Spring Data modules found, entering strict repository configuration mode!
2018-04-27 19:21:07 [main] JSR-330 'javax.inject.Inject' annotation found and supported for autowiring
2018-04-27 19:21:07 [main] Bean 'org.springframework.transaction.annotation.ProxyTransactionManagementConfiguration' of type [org.springframework.transaction.annotation.ProxyTransactionManagementConfiguration$$EnhancerBySpringCGLIB$$eb35b4c8] is not eligible for getting processed by all BeanPostProcessors (for example: not eligible for auto-proxying)
2018-04-27 19:21:07 [main] Bean 'redisConfig' of type [com.black.kun.raise.config.RedisConfig$$EnhancerBySpringCGLIB$$d099a0e6] is not eligible for getting processed by all BeanPostProcessors (for example: not eligible for auto-proxying)
2018-04-27 19:21:07 [main] Bean 'org.springframework.cache.annotation.ProxyCachingConfiguration' of type [org.springframework.cache.annotation.ProxyCachingConfiguration$$EnhancerBySpringCGLIB$$3447eae6] is not eligible for getting processed by all BeanPostProcessors (for example: not eligible for auto-proxying)
2018-04-27 19:21:07 [main] Bean 'org.springframework.boot.autoconfigure.cache.CacheAutoConfiguration' of type [org.springframework.boot.autoconfigure.cache.CacheAutoConfiguration$$EnhancerBySpringCGLIB$$28bbaf8a] is not eligible for getting processed by all BeanPostProcessors (for example: not eligible for auto-proxying)
2018-04-27 19:21:07 [main] Bean 'org.springframework.boot.context.properties.ConversionServiceDeducer$Factory' of type [org.springframework.boot.context.properties.ConversionServiceDeducer$Factory] is not eligible for getting processed by all BeanPostProcessors (for example: not eligible for auto-proxying)
2018-04-27 19:21:07 [main] Bean 'spring.cache-org.springframework.boot.autoconfigure.cache.CacheProperties' of type [org.springframework.boot.autoconfigure.cache.CacheProperties] is not eligible for getting processed by all BeanPostProcessors (for example: not eligible for auto-proxying)
2018-04-27 19:21:07 [main] Bean 'cacheManagerCustomizers' of type [org.springframework.boot.autoconfigure.cache.CacheManagerCustomizers] is not eligible for getting processed by all BeanPostProcessors (for example: not eligible for auto-proxying)
2018-04-27 19:21:07 [main] Bean 'org.springframework.boot.autoconfigure.cache.RedisCacheConfiguration' of type [org.springframework.boot.autoconfigure.cache.RedisCacheConfiguration$$EnhancerBySpringCGLIB$$d94d4be4] is not eligible for getting processed by all BeanPostProcessors (for example: not eligible for auto-proxying)
2018-04-27 19:21:07 [main] Bean 'spring.redis-org.springframework.boot.autoconfigure.data.redis.RedisProperties' of type [org.springframework.boot.autoconfigure.data.redis.RedisProperties] is not eligible for getting processed by all BeanPostProcessors (for example: not eligible for auto-proxying)
2018-04-27 19:21:07 [main] Bean 'org.springframework.boot.autoconfigure.data.redis.LettuceConnectionConfiguration' of type [org.springframework.boot.autoconfigure.data.redis.LettuceConnectionConfiguration$$EnhancerBySpringCGLIB$$4f7312] is not eligible for getting processed by all BeanPostProcessors (for example: not eligible for auto-proxying)
2018-04-27 19:21:07 [main] Bean 'lettuceClientResources' of type [io.lettuce.core.resource.DefaultClientResources] is not eligible for getting processed by all BeanPostProcessors (for example: not eligible for auto-proxying)
2018-04-27 19:21:08 [main] Bean 'redisConnectionFactory' of type [org.springframework.data.redis.connection.lettuce.LettuceConnectionFactory] is not eligible for getting processed by all BeanPostProcessors (for example: not eligible for auto-proxying)
2018-04-27 19:21:08 [main] Bean 'cacheManager' of type [org.springframework.data.redis.cache.RedisCacheManager] is not eligible for getting processed by all BeanPostProcessors (for example: not eligible for auto-proxying)
2018-04-27 19:21:08 [main] Bean 'cacheAutoConfigurationValidator' of type [org.springframework.boot.autoconfigure.cache.CacheAutoConfiguration$CacheManagerValidator] is not eligible for getting processed by all BeanPostProcessors (for example: not eligible for auto-proxying)
2018-04-27 19:21:08 [main] HikariPool-1 - Starting...
2018-04-27 19:21:09 [main] HikariPool-1 - Start completed.
2018-04-27 19:21:10 [main] Mapped "{[/test/testEnv],methods=[POST]}" onto public com.black.kun.raise.entity.vo.BaseResponse com.black.kun.raise.controller.demo.TestController.testEnv()
2018-04-27 19:21:10 [main] Mapped "{[/test/testValidation],methods=[POST]}" onto public com.black.kun.raise.entity.vo.BaseResponse com.black.kun.raise.controller.demo.TestController.testValidation(com.black.kun.raise.entity.vo.TestVo,org.springframework.validation.BindingResult)
2018-04-27 19:21:10 [main] Mapped "{[/v2/api-docs],methods=[GET],produces=[application/json || application/hal+json]}" onto public org.springframework.http.ResponseEntity<springfox.documentation.spring.web.json.Json> springfox.documentation.swagger2.web.Swagger2Controller.getDocumentation(java.lang.String,javax.servlet.http.HttpServletRequest)
2018-04-27 19:21:10 [main] Mapped "{[/swagger-resources]}" onto org.springframework.http.ResponseEntity<java.util.List<springfox.documentation.swagger.web.SwaggerResource>> springfox.documentation.swagger.web.ApiResourceController.swaggerResources()
2018-04-27 19:21:10 [main] Mapped "{[/swagger-resources/configuration/security]}" onto org.springframework.http.ResponseEntity<springfox.documentation.swagger.web.SecurityConfiguration> springfox.documentation.swagger.web.ApiResourceController.securityConfiguration()
2018-04-27 19:21:10 [main] Mapped "{[/swagger-resources/configuration/ui]}" onto org.springframework.http.ResponseEntity<springfox.documentation.swagger.web.UiConfiguration> springfox.documentation.swagger.web.ApiResourceController.uiConfiguration()
2018-04-27 19:21:10 [main] Mapped "{[/error]}" onto public org.springframework.http.ResponseEntity<java.util.Map<java.lang.String, java.lang.Object>> org.springframework.boot.autoconfigure.web.servlet.error.BasicErrorController.error(javax.servlet.http.HttpServletRequest)
2018-04-27 19:21:10 [main] Mapped "{[/error],produces=[text/html]}" onto public org.springframework.web.servlet.ModelAndView org.springframework.boot.autoconfigure.web.servlet.error.BasicErrorController.errorHtml(javax.servlet.http.HttpServletRequest,javax.servlet.http.HttpServletResponse)
2018-04-27 19:21:12 [main] Looking for @ControllerAdvice: org.springframework.web.context.support.GenericWebApplicationContext@9573b3b: startup date [Fri Apr 27 19:21:05 CST 2018]; root of context hierarchy
2018-04-27 19:21:12 [main] Mapped URL path [/webjars/**] onto handler of type [class org.springframework.web.servlet.resource.ResourceHttpRequestHandler]
2018-04-27 19:21:12 [main] Mapped URL path [/**] onto handler of type [class org.springframework.web.servlet.resource.ResourceHttpRequestHandler]
2018-04-27 19:21:12 [main] Mapped URL path [/**/favicon.ico] onto handler of type [class org.springframework.web.servlet.resource.ResourceHttpRequestHandler]
2018-04-27 19:21:13 [main] SpringTemplateLoader for FreeMarker: using resource loader [org.springframework.web.context.support.GenericWebApplicationContext@9573b3b: startup date [Fri Apr 27 19:21:05 CST 2018]; root of context hierarchy] and template loader path [classpath:/templates/]
2018-04-27 19:21:13 [main] ClassTemplateLoader for Spring macros added to FreeMarker configuration
2018-04-27 19:21:13 [main] Starting beans in phase 2147483647
2018-04-27 19:21:13 [main] Context refreshed
2018-04-27 19:21:13 [main] Found 1 custom documentation plugin(s)
2018-04-27 19:21:13 [main] Scanning for api listing references
2018-04-27 19:21:14 [main] Started RaiseApplicationTests in 9.891 seconds (JVM running for 12.885)
2018-04-27 19:21:14 [Thread-2] Closing org.springframework.web.context.support.GenericWebApplicationContext@9573b3b: startup date [Fri Apr 27 19:21:05 CST 2018]; root of context hierarchy
2018-04-27 19:21:14 [Thread-2] Stopping beans in phase 2147483647
2018-04-27 19:21:14 [Thread-2] HikariPool-1 - Shutdown initiated...
2018-04-27 19:21:14 [Thread-2] HikariPool-1 - Shutdown completed.
2018-04-27 19:26:44 [main] Starting RaiseApplicationTests on zhangkundeMacBook-Pro.local with PID 8721 (started by zk in /Users/zk/IdeaProjects/raise)
2018-04-27 19:26:44 [main] Starting RaiseApplicationTests on zhangkundeMacBook-Pro.local with PID 8721 (started by zk in /Users/zk/IdeaProjects/raise)
2018-04-27 19:26:44 [main] The following profiles are active: dev
2018-04-27 19:26:44 [main] The following profiles are active: dev
2018-04-27 19:26:44 [main] Refreshing org.springframework.web.context.support.GenericWebApplicationContext@5cc69cfe: startup date [Fri Apr 27 19:26:44 CST 2018]; root of context hierarchy
2018-04-27 19:26:46 [main] Multiple Spring Data modules found, entering strict repository configuration mode!
2018-04-27 19:26:47 [main] JSR-330 'javax.inject.Inject' annotation found and supported for autowiring
2018-04-27 19:26:47 [main] Bean 'org.springframework.transaction.annotation.ProxyTransactionManagementConfiguration' of type [org.springframework.transaction.annotation.ProxyTransactionManagementConfiguration$$EnhancerBySpringCGLIB$$fe7c491f] is not eligible for getting processed by all BeanPostProcessors (for example: not eligible for auto-proxying)
2018-04-27 19:26:47 [main] Bean 'redisConfig' of type [com.black.kun.raise.config.RedisConfig$$EnhancerBySpringCGLIB$$e3e0353d] is not eligible for getting processed by all BeanPostProcessors (for example: not eligible for auto-proxying)
2018-04-27 19:26:47 [main] Bean 'org.springframework.cache.annotation.ProxyCachingConfiguration' of type [org.springframework.cache.annotation.ProxyCachingConfiguration$$EnhancerBySpringCGLIB$$478e7f3d] is not eligible for getting processed by all BeanPostProcessors (for example: not eligible for auto-proxying)
2018-04-27 19:26:47 [main] Bean 'org.springframework.boot.autoconfigure.cache.CacheAutoConfiguration' of type [org.springframework.boot.autoconfigure.cache.CacheAutoConfiguration$$EnhancerBySpringCGLIB$$3c0243e1] is not eligible for getting processed by all BeanPostProcessors (for example: not eligible for auto-proxying)
2018-04-27 19:26:47 [main] Bean 'org.springframework.boot.context.properties.ConversionServiceDeducer$Factory' of type [org.springframework.boot.context.properties.ConversionServiceDeducer$Factory] is not eligible for getting processed by all BeanPostProcessors (for example: not eligible for auto-proxying)
2018-04-27 19:26:47 [main] Bean 'spring.cache-org.springframework.boot.autoconfigure.cache.CacheProperties' of type [org.springframework.boot.autoconfigure.cache.CacheProperties] is not eligible for getting processed by all BeanPostProcessors (for example: not eligible for auto-proxying)
2018-04-27 19:26:47 [main] Bean 'cacheManagerCustomizers' of type [org.springframework.boot.autoconfigure.cache.CacheManagerCustomizers] is not eligible for getting processed by all BeanPostProcessors (for example: not eligible for auto-proxying)
2018-04-27 19:26:47 [main] Bean 'org.springframework.boot.autoconfigure.cache.RedisCacheConfiguration' of type [org.springframework.boot.autoconfigure.cache.RedisCacheConfiguration$$EnhancerBySpringCGLIB$$ec93e03b] is not eligible for getting processed by all BeanPostProcessors (for example: not eligible for auto-proxying)
2018-04-27 19:26:47 [main] Bean 'spring.redis-org.springframework.boot.autoconfigure.data.redis.RedisProperties' of type [org.springframework.boot.autoconfigure.data.redis.RedisProperties] is not eligible for getting processed by all BeanPostProcessors (for example: not eligible for auto-proxying)
2018-04-27 19:26:47 [main] Bean 'org.springframework.boot.autoconfigure.data.redis.LettuceConnectionConfiguration' of type [org.springframework.boot.autoconfigure.data.redis.LettuceConnectionConfiguration$$EnhancerBySpringCGLIB$$13960769] is not eligible for getting processed by all BeanPostProcessors (for example: not eligible for auto-proxying)
2018-04-27 19:26:47 [main] Bean 'lettuceClientResources' of type [io.lettuce.core.resource.DefaultClientResources] is not eligible for getting processed by all BeanPostProcessors (for example: not eligible for auto-proxying)
2018-04-27 19:26:48 [main] Bean 'redisConnectionFactory' of type [org.springframework.data.redis.connection.lettuce.LettuceConnectionFactory] is not eligible for getting processed by all BeanPostProcessors (for example: not eligible for auto-proxying)
2018-04-27 19:26:48 [main] Bean 'cacheManager' of type [org.springframework.data.redis.cache.RedisCacheManager] is not eligible for getting processed by all BeanPostProcessors (for example: not eligible for auto-proxying)
2018-04-27 19:26:48 [main] Bean 'cacheAutoConfigurationValidator' of type [org.springframework.boot.autoconfigure.cache.CacheAutoConfiguration$CacheManagerValidator] is not eligible for getting processed by all BeanPostProcessors (for example: not eligible for auto-proxying)
2018-04-27 19:26:48 [main] HikariPool-1 - Starting...
2018-04-27 19:26:49 [main] HikariPool-1 - Start completed.
2018-04-27 19:26:50 [main] Mapped "{[/test/testEnv],methods=[POST]}" onto public com.black.kun.raise.entity.vo.BaseResponse com.black.kun.raise.controller.demo.TestController.testEnv()
2018-04-27 19:26:50 [main] Mapped "{[/test/testValidation],methods=[POST]}" onto public com.black.kun.raise.entity.vo.BaseResponse com.black.kun.raise.controller.demo.TestController.testValidation(com.black.kun.raise.entity.vo.TestVo,org.springframework.validation.BindingResult)
2018-04-27 19:26:50 [main] Mapped "{[/v2/api-docs],methods=[GET],produces=[application/json || application/hal+json]}" onto public org.springframework.http.ResponseEntity<springfox.documentation.spring.web.json.Json> springfox.documentation.swagger2.web.Swagger2Controller.getDocumentation(java.lang.String,javax.servlet.http.HttpServletRequest)
2018-04-27 19:26:50 [main] Mapped "{[/swagger-resources/configuration/ui]}" onto org.springframework.http.ResponseEntity<springfox.documentation.swagger.web.UiConfiguration> springfox.documentation.swagger.web.ApiResourceController.uiConfiguration()
2018-04-27 19:26:50 [main] Mapped "{[/swagger-resources/configuration/security]}" onto org.springframework.http.ResponseEntity<springfox.documentation.swagger.web.SecurityConfiguration> springfox.documentation.swagger.web.ApiResourceController.securityConfiguration()
2018-04-27 19:26:50 [main] Mapped "{[/swagger-resources]}" onto org.springframework.http.ResponseEntity<java.util.List<springfox.documentation.swagger.web.SwaggerResource>> springfox.documentation.swagger.web.ApiResourceController.swaggerResources()
2018-04-27 19:26:50 [main] Mapped "{[/error]}" onto public org.springframework.http.ResponseEntity<java.util.Map<java.lang.String, java.lang.Object>> org.springframework.boot.autoconfigure.web.servlet.error.BasicErrorController.error(javax.servlet.http.HttpServletRequest)
2018-04-27 19:26:50 [main] Mapped "{[/error],produces=[text/html]}" onto public org.springframework.web.servlet.ModelAndView org.springframework.boot.autoconfigure.web.servlet.error.BasicErrorController.errorHtml(javax.servlet.http.HttpServletRequest,javax.servlet.http.HttpServletResponse)
2018-04-27 19:26:52 [main] Looking for @ControllerAdvice: org.springframework.web.context.support.GenericWebApplicationContext@5cc69cfe: startup date [Fri Apr 27 19:26:44 CST 2018]; root of context hierarchy
2018-04-27 19:26:52 [main] Mapped URL path [/webjars/**] onto handler of type [class org.springframework.web.servlet.resource.ResourceHttpRequestHandler]
2018-04-27 19:26:52 [main] Mapped URL path [/**] onto handler of type [class org.springframework.web.servlet.resource.ResourceHttpRequestHandler]
2018-04-27 19:26:52 [main] Mapped URL path [/**/favicon.ico] onto handler of type [class org.springframework.web.servlet.resource.ResourceHttpRequestHandler]
2018-04-27 19:26:53 [main] SpringTemplateLoader for FreeMarker: using resource loader [org.springframework.web.context.support.GenericWebApplicationContext@5cc69cfe: startup date [Fri Apr 27 19:26:44 CST 2018]; root of context hierarchy] and template loader path [classpath:/templates/]
2018-04-27 19:26:53 [main] ClassTemplateLoader for Spring macros added to FreeMarker configuration
2018-04-27 19:26:53 [main] Starting beans in phase 2147483647
2018-04-27 19:26:53 [main] Context refreshed
2018-04-27 19:26:53 [main] Found 1 custom documentation plugin(s)
2018-04-27 19:26:53 [main] Scanning for api listing references
2018-04-27 19:26:54 [main] Started RaiseApplicationTests in 10.467 seconds (JVM running for 12.72)
2018-04-27 19:26:54 [main] Started RaiseApplicationTests in 10.467 seconds (JVM running for 12.72)
2018-04-27 19:26:54 [Thread-2] Closing org.springframework.web.context.support.GenericWebApplicationContext@5cc69cfe: startup date [Fri Apr 27 19:26:44 CST 2018]; root of context hierarchy
2018-04-27 19:26:54 [Thread-2] Stopping beans in phase 2147483647
2018-04-27 19:26:54 [Thread-2] HikariPool-1 - Shutdown initiated...
2018-04-27 19:26:54 [Thread-2] HikariPool-1 - Shutdown completed.
2018-04-27 19:30:05 [main] Starting RaiseApplicationTests on zhangkundeMacBook-Pro.local with PID 8765 (started by zk in /Users/zk/IdeaProjects/raise)
2018-04-27 19:30:05 [main] The following profiles are active: dev
2018-04-27 19:30:05 [main] Refreshing org.springframework.web.context.support.GenericWebApplicationContext@55f3c410: startup date [Fri Apr 27 19:30:05 CST 2018]; root of context hierarchy
2018-04-27 19:30:06 [main] Multiple Spring Data modules found, entering strict repository configuration mode!
2018-04-27 19:30:07 [main] JSR-330 'javax.inject.Inject' annotation found and supported for autowiring
2018-04-27 19:30:07 [main] Bean 'org.springframework.transaction.annotation.ProxyTransactionManagementConfiguration' of type [org.springframework.transaction.annotation.ProxyTransactionManagementConfiguration$$EnhancerBySpringCGLIB$$7711401d] is not eligible for getting processed by all BeanPostProcessors (for example: not eligible for auto-proxying)
2018-04-27 19:30:07 [main] Bean 'redisConfig' of type [com.black.kun.raise.config.RedisConfig$$EnhancerBySpringCGLIB$$5c752c3b] is not eligible for getting processed by all BeanPostProcessors (for example: not eligible for auto-proxying)
2018-04-27 19:30:07 [main] Bean 'org.springframework.cache.annotation.ProxyCachingConfiguration' of type [org.springframework.cache.annotation.ProxyCachingConfiguration$$EnhancerBySpringCGLIB$$c023763b] is not eligible for getting processed by all BeanPostProcessors (for example: not eligible for auto-proxying)
2018-04-27 19:30:07 [main] Bean 'org.springframework.boot.autoconfigure.cache.CacheAutoConfiguration' of type [org.springframework.boot.autoconfigure.cache.CacheAutoConfiguration$$EnhancerBySpringCGLIB$$b4973adf] is not eligible for getting processed by all BeanPostProcessors (for example: not eligible for auto-proxying)
2018-04-27 19:30:07 [main] Bean 'org.springframework.boot.context.properties.ConversionServiceDeducer$Factory' of type [org.springframework.boot.context.properties.ConversionServiceDeducer$Factory] is not eligible for getting processed by all BeanPostProcessors (for example: not eligible for auto-proxying)
2018-04-27 19:30:07 [main] Bean 'spring.cache-org.springframework.boot.autoconfigure.cache.CacheProperties' of type [org.springframework.boot.autoconfigure.cache.CacheProperties] is not eligible for getting processed by all BeanPostProcessors (for example: not eligible for auto-proxying)
2018-04-27 19:30:07 [main] Bean 'cacheManagerCustomizers' of type [org.springframework.boot.autoconfigure.cache.CacheManagerCustomizers] is not eligible for getting processed by all BeanPostProcessors (for example: not eligible for auto-proxying)
2018-04-27 19:30:07 [main] Bean 'org.springframework.boot.autoconfigure.cache.RedisCacheConfiguration' of type [org.springframework.boot.autoconfigure.cache.RedisCacheConfiguration$$EnhancerBySpringCGLIB$$6528d739] is not eligible for getting processed by all BeanPostProcessors (for example: not eligible for auto-proxying)
2018-04-27 19:30:07 [main] Bean 'spring.redis-org.springframework.boot.autoconfigure.data.redis.RedisProperties' of type [org.springframework.boot.autoconfigure.data.redis.RedisProperties] is not eligible for getting processed by all BeanPostProcessors (for example: not eligible for auto-proxying)
2018-04-27 19:30:07 [main] Bean 'org.springframework.boot.autoconfigure.data.redis.LettuceConnectionConfiguration' of type [org.springframework.boot.autoconfigure.data.redis.LettuceConnectionConfiguration$$EnhancerBySpringCGLIB$$8c2afe67] is not eligible for getting processed by all BeanPostProcessors (for example: not eligible for auto-proxying)
2018-04-27 19:30:08 [main] Bean 'lettuceClientResources' of type [io.lettuce.core.resource.DefaultClientResources] is not eligible for getting processed by all BeanPostProcessors (for example: not eligible for auto-proxying)
2018-04-27 19:30:08 [main] Bean 'redisConnectionFactory' of type [org.springframework.data.redis.connection.lettuce.LettuceConnectionFactory] is not eligible for getting processed by all BeanPostProcessors (for example: not eligible for auto-proxying)
2018-04-27 19:30:08 [main] Bean 'cacheManager' of type [org.springframework.data.redis.cache.RedisCacheManager] is not eligible for getting processed by all BeanPostProcessors (for example: not eligible for auto-proxying)
2018-04-27 19:30:08 [main] Bean 'cacheAutoConfigurationValidator' of type [org.springframework.boot.autoconfigure.cache.CacheAutoConfiguration$CacheManagerValidator] is not eligible for getting processed by all BeanPostProcessors (for example: not eligible for auto-proxying)
2018-04-27 19:30:09 [main] HikariPool-1 - Starting...
2018-04-27 19:30:09 [main] HikariPool-1 - Start completed.
2018-04-27 19:30:11 [main] Mapped "{[/test/testEnv],methods=[POST]}" onto public com.black.kun.raise.entity.vo.BaseResponse com.black.kun.raise.controller.demo.TestController.testEnv()
2018-04-27 19:30:11 [main] Mapped "{[/test/testValidation],methods=[POST]}" onto public com.black.kun.raise.entity.vo.BaseResponse com.black.kun.raise.controller.demo.TestController.testValidation(com.black.kun.raise.entity.vo.TestVo,org.springframework.validation.BindingResult)
2018-04-27 19:30:11 [main] Mapped "{[/v2/api-docs],methods=[GET],produces=[application/json || application/hal+json]}" onto public org.springframework.http.ResponseEntity<springfox.documentation.spring.web.json.Json> springfox.documentation.swagger2.web.Swagger2Controller.getDocumentation(java.lang.String,javax.servlet.http.HttpServletRequest)
2018-04-27 19:30:11 [main] Mapped "{[/swagger-resources/configuration/security]}" onto org.springframework.http.ResponseEntity<springfox.documentation.swagger.web.SecurityConfiguration> springfox.documentation.swagger.web.ApiResourceController.securityConfiguration()
2018-04-27 19:30:11 [main] Mapped "{[/swagger-resources/configuration/ui]}" onto org.springframework.http.ResponseEntity<springfox.documentation.swagger.web.UiConfiguration> springfox.documentation.swagger.web.ApiResourceController.uiConfiguration()
2018-04-27 19:30:11 [main] Mapped "{[/swagger-resources]}" onto org.springframework.http.ResponseEntity<java.util.List<springfox.documentation.swagger.web.SwaggerResource>> springfox.documentation.swagger.web.ApiResourceController.swaggerResources()
2018-04-27 19:30:11 [main] Mapped "{[/error]}" onto public org.springframework.http.ResponseEntity<java.util.Map<java.lang.String, java.lang.Object>> org.springframework.boot.autoconfigure.web.servlet.error.BasicErrorController.error(javax.servlet.http.HttpServletRequest)
2018-04-27 19:30:11 [main] Mapped "{[/error],produces=[text/html]}" onto public org.springframework.web.servlet.ModelAndView org.springframework.boot.autoconfigure.web.servlet.error.BasicErrorController.errorHtml(javax.servlet.http.HttpServletRequest,javax.servlet.http.HttpServletResponse)
2018-04-27 19:30:12 [main] Looking for @ControllerAdvice: org.springframework.web.context.support.GenericWebApplicationContext@55f3c410: startup date [Fri Apr 27 19:30:05 CST 2018]; root of context hierarchy
2018-04-27 19:30:12 [main] Mapped URL path [/webjars/**] onto handler of type [class org.springframework.web.servlet.resource.ResourceHttpRequestHandler]
2018-04-27 19:30:12 [main] Mapped URL path [/**] onto handler of type [class org.springframework.web.servlet.resource.ResourceHttpRequestHandler]
2018-04-27 19:30:13 [main] Mapped URL path [/**/favicon.ico] onto handler of type [class org.springframework.web.servlet.resource.ResourceHttpRequestHandler]
2018-04-27 19:30:13 [main] SpringTemplateLoader for FreeMarker: using resource loader [org.springframework.web.context.support.GenericWebApplicationContext@55f3c410: startup date [Fri Apr 27 19:30:05 CST 2018]; root of context hierarchy] and template loader path [classpath:/templates/]
2018-04-27 19:30:13 [main] ClassTemplateLoader for Spring macros added to FreeMarker configuration
2018-04-27 19:30:14 [main] Starting beans in phase 2147483647
2018-04-27 19:30:14 [main] Context refreshed
2018-04-27 19:30:14 [main] Found 1 custom documentation plugin(s)
2018-04-27 19:30:14 [main] Scanning for api listing references
2018-04-27 19:30:14 [main] Started RaiseApplicationTests in 10.562 seconds (JVM running for 13.081)
2018-04-27 19:30:14 [Thread-2] Closing org.springframework.web.context.support.GenericWebApplicationContext@55f3c410: startup date [Fri Apr 27 19:30:05 CST 2018]; root of context hierarchy
2018-04-27 19:30:14 [Thread-2] Stopping beans in phase 2147483647
2018-04-27 19:30:14 [Thread-2] HikariPool-1 - Shutdown initiated...
2018-04-27 19:30:14 [Thread-2] HikariPool-1 - Shutdown completed.
